Analysis & Synthesis report for pbl2
Wed Jul 17 16:56:22 2024
Quartus Prime Version 20.1.1 Build 720 11/11/2020 SJ Lite Edition


---------------------
; Table of Contents ;
---------------------
  1. Legal Notice
  2. Analysis & Synthesis Summary
  3. Analysis & Synthesis Settings
  4. Parallel Compilation
  5. Analysis & Synthesis Source Files Read
  6. Analysis & Synthesis Resource Usage Summary
  7. Analysis & Synthesis Resource Utilization by Entity
  8. Registers Removed During Synthesis
  9. General Register Statistics
 10. Inverted Register Statistics
 11. Multiplexer Restructuring Statistics (Restructuring Performed)
 12. Port Connectivity Checks: "pbl2:part2|bcd_counter:comb_45"
 13. Port Connectivity Checks: "pbl2:part2|bcd_counter:comb_44"
 14. Port Connectivity Checks: "pbl2:part2|from_50mhz_to_1hz:d0|clock_divisor:d25"
 15. Port Connectivity Checks: "pbl2:part2|from_50mhz_to_1hz:d0|clock_divisor:d24"
 16. Port Connectivity Checks: "pbl2:part2|from_50mhz_to_1hz:d0|clock_divisor:d23"
 17. Port Connectivity Checks: "pbl2:part2|from_50mhz_to_1hz:d0|clock_divisor:d22"
 18. Port Connectivity Checks: "pbl2:part2|from_50mhz_to_1hz:d0|clock_divisor:d21"
 19. Port Connectivity Checks: "pbl2:part2|from_50mhz_to_1hz:d0|clock_divisor:d20"
 20. Port Connectivity Checks: "pbl2:part2|from_50mhz_to_1hz:d0|clock_divisor:d19"
 21. Port Connectivity Checks: "pbl2:part2|from_50mhz_to_1hz:d0|clock_divisor:d18"
 22. Port Connectivity Checks: "pbl2:part2|from_50mhz_to_1hz:d0|clock_divisor:d17"
 23. Port Connectivity Checks: "pbl2:part2|from_50mhz_to_1hz:d0|clock_divisor:d16"
 24. Port Connectivity Checks: "pbl2:part2|from_50mhz_to_1hz:d0|clock_divisor:d15"
 25. Port Connectivity Checks: "pbl2:part2|from_50mhz_to_1hz:d0|clock_divisor:d14"
 26. Port Connectivity Checks: "pbl2:part2|from_50mhz_to_1hz:d0|clock_divisor:d13"
 27. Port Connectivity Checks: "pbl2:part2|from_50mhz_to_1hz:d0|clock_divisor:d12"
 28. Port Connectivity Checks: "pbl2:part2|from_50mhz_to_1hz:d0|clock_divisor:d11"
 29. Port Connectivity Checks: "pbl2:part2|from_50mhz_to_1hz:d0|clock_divisor:d10"
 30. Port Connectivity Checks: "pbl2:part2|from_50mhz_to_1hz:d0|clock_divisor:d9"
 31. Port Connectivity Checks: "pbl2:part2|from_50mhz_to_1hz:d0|clock_divisor:d8"
 32. Port Connectivity Checks: "pbl2:part2|from_50mhz_to_1hz:d0|clock_divisor:d7"
 33. Port Connectivity Checks: "pbl2:part2|from_50mhz_to_1hz:d0|clock_divisor:d6"
 34. Port Connectivity Checks: "pbl2:part2|from_50mhz_to_1hz:d0|clock_divisor:d5"
 35. Port Connectivity Checks: "pbl2:part2|from_50mhz_to_1hz:d0|clock_divisor:d4"
 36. Port Connectivity Checks: "pbl2:part2|from_50mhz_to_1hz:d0|clock_divisor:d3"
 37. Port Connectivity Checks: "pbl2:part2|from_50mhz_to_1hz:d0|clock_divisor:d2"
 38. Port Connectivity Checks: "pbl2:part2|from_50mhz_to_1hz:d0|clock_divisor:d1"
 39. Port Connectivity Checks: "pbl2:part2|from_50mhz_to_1hz:d0|clock_divisor:d0"
 40. Port Connectivity Checks: "pbl2:part2|from_50mhz_to_1hz:d0"
 41. Port Connectivity Checks: "pbl2:part2"
 42. Analysis & Synthesis Messages



----------------
; Legal Notice ;
----------------
Copyright (C) 2020  Intel Corporation. All rights reserved.
Your use of Intel Corporation's design tools, logic functions 
and other software and tools, and any partner logic 
functions, and any output files from any of the foregoing 
(including device programming or simulation files), and any 
associated documentation or information are expressly subject 
to the terms and conditions of the Intel Program License 
Subscription Agreement, the Intel Quartus Prime License Agreement,
the Intel FPGA IP License Agreement, or other applicable license
agreement, including, without limitation, that your use is for
the sole purpose of programming logic devices manufactured by
Intel and sold by Intel or its authorized distributors.  Please
refer to the applicable agreement for further details, at
https://fpgasoftware.intel.com/eula.



+---------------------------------------------------------------------------+
; Analysis & Synthesis Summary                                              ;
+-----------------------------+---------------------------------------------+
; Analysis & Synthesis Status ; Successful - Wed Jul 17 16:56:22 2024       ;
; Quartus Prime Version       ; 20.1.1 Build 720 11/11/2020 SJ Lite Edition ;
; Revision Name               ; pbl2                                        ;
; Top-level Entity Name       ; pbl1                                        ;
; Family                      ; MAX II                                      ;
; Total logic elements        ; 92                                          ;
; Total pins                  ; 37                                          ;
; Total virtual pins          ; 0                                           ;
; UFM blocks                  ; 0 / 1 ( 0 % )                               ;
+-----------------------------+---------------------------------------------+


+------------------------------------------------------------------------------------------------------------+
; Analysis & Synthesis Settings                                                                              ;
+------------------------------------------------------------------+--------------------+--------------------+
; Option                                                           ; Setting            ; Default Value      ;
+------------------------------------------------------------------+--------------------+--------------------+
; Device                                                           ; EPM240T100C5       ;                    ;
; Top-level entity name                                            ; pbl1               ; pbl2               ;
; Family name                                                      ; MAX II             ; Cyclone V          ;
; Use smart compilation                                            ; Off                ; Off                ;
; Enable parallel Assembler and Timing Analyzer during compilation ; On                 ; On                 ;
; Enable compact report table                                      ; Off                ; Off                ;
; Restructure Multiplexers                                         ; Auto               ; Auto               ;
; Create Debugging Nodes for IP Cores                              ; Off                ; Off                ;
; Preserve fewer node names                                        ; On                 ; On                 ;
; Intel FPGA IP Evaluation Mode                                    ; Enable             ; Enable             ;
; Verilog Version                                                  ; Verilog_2001       ; Verilog_2001       ;
; VHDL Version                                                     ; VHDL_1993          ; VHDL_1993          ;
; State Machine Processing                                         ; Auto               ; Auto               ;
; Safe State Machine                                               ; Off                ; Off                ;
; Extract Verilog State Machines                                   ; On                 ; On                 ;
; Extract VHDL State Machines                                      ; On                 ; On                 ;
; Ignore Verilog initial constructs                                ; Off                ; Off                ;
; Iteration limit for constant Verilog loops                       ; 5000               ; 5000               ;
; Iteration limit for non-constant Verilog loops                   ; 250                ; 250                ;
; Add Pass-Through Logic to Inferred RAMs                          ; On                 ; On                 ;
; Infer RAMs from Raw Logic                                        ; On                 ; On                 ;
; Parallel Synthesis                                               ; On                 ; On                 ;
; NOT Gate Push-Back                                               ; On                 ; On                 ;
; Power-Up Don't Care                                              ; On                 ; On                 ;
; Remove Redundant Logic Cells                                     ; Off                ; Off                ;
; Remove Duplicate Registers                                       ; On                 ; On                 ;
; Ignore CARRY Buffers                                             ; Off                ; Off                ;
; Ignore CASCADE Buffers                                           ; Off                ; Off                ;
; Ignore GLOBAL Buffers                                            ; Off                ; Off                ;
; Ignore ROW GLOBAL Buffers                                        ; Off                ; Off                ;
; Ignore LCELL Buffers                                             ; Off                ; Off                ;
; Ignore SOFT Buffers                                              ; On                 ; On                 ;
; Limit AHDL Integers to 32 Bits                                   ; Off                ; Off                ;
; Optimization Technique                                           ; Balanced           ; Balanced           ;
; Carry Chain Length                                               ; 70                 ; 70                 ;
; Auto Carry Chains                                                ; On                 ; On                 ;
; Auto Open-Drain Pins                                             ; On                 ; On                 ;
; Perform WYSIWYG Primitive Resynthesis                            ; Off                ; Off                ;
; Auto Shift Register Replacement                                  ; Auto               ; Auto               ;
; Allow Shift Register Merging across Hierarchies                  ; Auto               ; Auto               ;
; Auto Clock Enable Replacement                                    ; On                 ; On                 ;
; Allow Synchronous Control Signals                                ; On                 ; On                 ;
; Force Use of Synchronous Clear Signals                           ; Off                ; Off                ;
; Auto Resource Sharing                                            ; Off                ; Off                ;
; Use LogicLock Constraints during Resource Balancing              ; On                 ; On                 ;
; Ignore translate_off and synthesis_off directives                ; Off                ; Off                ;
; Report Parameter Settings                                        ; On                 ; On                 ;
; Report Source Assignments                                        ; On                 ; On                 ;
; Report Connectivity Checks                                       ; On                 ; On                 ;
; Ignore Maximum Fan-Out Assignments                               ; Off                ; Off                ;
; Synchronization Register Chain Length                            ; 2                  ; 2                  ;
; Power Optimization During Synthesis                              ; Normal compilation ; Normal compilation ;
; HDL message level                                                ; Level2             ; Level2             ;
; Suppress Register Optimization Related Messages                  ; Off                ; Off                ;
; Number of Removed Registers Reported in Synthesis Report         ; 5000               ; 5000               ;
; Number of Swept Nodes Reported in Synthesis Report               ; 5000               ; 5000               ;
; Number of Inverted Registers Reported in Synthesis Report        ; 100                ; 100                ;
; Clock MUX Protection                                             ; On                 ; On                 ;
; Block Design Naming                                              ; Auto               ; Auto               ;
; Synthesis Effort                                                 ; Auto               ; Auto               ;
; Shift Register Replacement - Allow Asynchronous Clear Signal     ; On                 ; On                 ;
; Analysis & Synthesis Message Level                               ; Medium             ; Medium             ;
; Disable Register Merging Across Hierarchies                      ; Auto               ; Auto               ;
+------------------------------------------------------------------+--------------------+--------------------+


+------------------------------------------+
; Parallel Compilation                     ;
+----------------------------+-------------+
; Processors                 ; Number      ;
+----------------------------+-------------+
; Number detected on machine ; 6           ;
; Maximum allowed            ; 6           ;
;                            ;             ;
; Average used               ; 1.00        ;
; Maximum used               ; 1           ;
;                            ;             ;
; Usage by Processor         ; % Time Used ;
;     Processor 1            ; 100.0%      ;
+----------------------------+-------------+


+--------------------------------------------------------------------------------------------------------------------------------------------------------------+
; Analysis & Synthesis Source Files Read                                                                                                                       ;
+----------------------------------+-----------------+------------------------+----------------------------------------------------------------------+---------+
; File Name with User-Entered Path ; Used in Netlist ; File Type              ; File Name with Absolute Path                                         ; Library ;
+----------------------------------+-----------------+------------------------+----------------------------------------------------------------------+---------+
; decoder_7seg.v                   ; yes             ; User Verilog HDL File  ; /home/aluno/Documentos/CD-PBL3-dev-testes/decoder_7seg.v             ;         ;
; pbl2.v                           ; yes             ; User Verilog HDL File  ; /home/aluno/Documentos/CD-PBL3-dev-testes/pbl2.v                     ;         ;
; clock_divisor.v                  ; yes             ; User Verilog HDL File  ; /home/aluno/Documentos/CD-PBL3-dev-testes/clock_divisor.v            ;         ;
; from_50mhz_to_1hz.v              ; yes             ; User Verilog HDL File  ; /home/aluno/Documentos/CD-PBL3-dev-testes/from_50mhz_to_1hz.v        ;         ;
; led_column_alternator.v          ; yes             ; User Verilog HDL File  ; /home/aluno/Documentos/CD-PBL3-dev-testes/led_column_alternator.v    ;         ;
; pbl1.v                           ; yes             ; User Verilog HDL File  ; /home/aluno/Documentos/CD-PBL3-dev-testes/pbl1.v                     ;         ;
; seven_seg_digit_alt.v            ; yes             ; User Verilog HDL File  ; /home/aluno/Documentos/CD-PBL3-dev-testes/seven_seg_digit_alt.v      ;         ;
; output_files/bcd_counter.v       ; yes             ; User Verilog HDL File  ; /home/aluno/Documentos/CD-PBL3-dev-testes/output_files/bcd_counter.v ;         ;
+----------------------------------+-----------------+------------------------+----------------------------------------------------------------------+---------+


+------------------------------------------------------------------------------------------+
; Analysis & Synthesis Resource Usage Summary                                              ;
+---------------------------------------------+--------------------------------------------+
; Resource                                    ; Usage                                      ;
+---------------------------------------------+--------------------------------------------+
; Total logic elements                        ; 92                                         ;
;     -- Combinational with no register       ; 28                                         ;
;     -- Register only                        ; 3                                          ;
;     -- Combinational with a register        ; 61                                         ;
;                                             ;                                            ;
; Logic element usage by number of LUT inputs ;                                            ;
;     -- 4 input functions                    ; 16                                         ;
;     -- 3 input functions                    ; 12                                         ;
;     -- 2 input functions                    ; 4                                          ;
;     -- 1 input functions                    ; 56                                         ;
;     -- 0 input functions                    ; 1                                          ;
;                                             ;                                            ;
; Logic elements by mode                      ;                                            ;
;     -- normal mode                          ; 92                                         ;
;     -- arithmetic mode                      ; 0                                          ;
;     -- qfbk mode                            ; 0                                          ;
;     -- register cascade mode                ; 0                                          ;
;     -- synchronous clear/load mode          ; 0                                          ;
;     -- asynchronous clear/load mode         ; 0                                          ;
;                                             ;                                            ;
; Total registers                             ; 64                                         ;
; I/O pins                                    ; 37                                         ;
; Maximum fan-out node                        ; pbl2:part2|bcd_counter:comb_44|contagem[1] ;
; Maximum fan-out                             ; 11                                         ;
; Total fan-out                               ; 257                                        ;
; Average fan-out                             ; 1.99                                       ;
+---------------------------------------------+--------------------------------------------+


+------------------------------------------------------------------------------------------------------------------------------------------------------------------------------------------------------------------------------------------------------------------------------------------+
; Analysis & Synthesis Resource Utilization by Entity                                                                                                                                                                                                                                      ;
+------------------------------------+-------------+--------------+------------+------+--------------+--------------+-------------------+------------------+-----------------+------------+---------------------------------------------------------+-----------------------+--------------+
; Compilation Hierarchy Node         ; Logic Cells ; LC Registers ; UFM Blocks ; Pins ; Virtual Pins ; LUT-Only LCs ; Register-Only LCs ; LUT/Register LCs ; Carry Chain LCs ; Packed LCs ; Full Hierarchy Name                                     ; Entity Name           ; Library Name ;
+------------------------------------+-------------+--------------+------------+------+--------------+--------------+-------------------+------------------+-----------------+------------+---------------------------------------------------------+-----------------------+--------------+
; |pbl1                              ; 92 (7)      ; 64           ; 0          ; 37   ; 0            ; 28 (7)       ; 3 (0)             ; 61 (0)           ; 0 (0)           ; 0 (0)      ; |pbl1                                                   ; pbl1                  ; work         ;
;    |pbl2:part2|                    ; 85 (17)     ; 64           ; 0          ; 0    ; 0            ; 21 (17)      ; 3 (0)             ; 61 (0)           ; 0 (0)           ; 0 (0)      ; |pbl1|pbl2:part2                                        ; pbl2                  ; work         ;
;       |bcd_counter:comb_44|        ; 8 (8)       ; 5            ; 0          ; 0    ; 0            ; 3 (3)        ; 0 (0)             ; 5 (5)            ; 0 (0)           ; 0 (0)      ; |pbl1|pbl2:part2|bcd_counter:comb_44                    ; bcd_counter           ; work         ;
;       |decoder_7seg:comb_46|       ; 1 (1)       ; 0            ; 0          ; 0    ; 0            ; 1 (1)        ; 0 (0)             ; 0 (0)            ; 0 (0)           ; 0 (0)      ; |pbl1|pbl2:part2|decoder_7seg:comb_46                   ; decoder_7seg          ; work         ;
;       |from_50mhz_to_1hz:d0|       ; 52 (0)      ; 52           ; 0          ; 0    ; 0            ; 0 (0)        ; 0 (0)             ; 52 (0)           ; 0 (0)           ; 0 (0)      ; |pbl1|pbl2:part2|from_50mhz_to_1hz:d0                   ; from_50mhz_to_1hz     ; work         ;
;          |clock_divisor:d0|        ; 2 (2)       ; 2            ; 0          ; 0    ; 0            ; 0 (0)        ; 0 (0)             ; 2 (2)            ; 0 (0)           ; 0 (0)      ; |pbl1|pbl2:part2|from_50mhz_to_1hz:d0|clock_divisor:d0  ; clock_divisor         ; work         ;
;          |clock_divisor:d10|       ; 2 (2)       ; 2            ; 0          ; 0    ; 0            ; 0 (0)        ; 0 (0)             ; 2 (2)            ; 0 (0)           ; 0 (0)      ; |pbl1|pbl2:part2|from_50mhz_to_1hz:d0|clock_divisor:d10 ; clock_divisor         ; work         ;
;          |clock_divisor:d11|       ; 2 (2)       ; 2            ; 0          ; 0    ; 0            ; 0 (0)        ; 0 (0)             ; 2 (2)            ; 0 (0)           ; 0 (0)      ; |pbl1|pbl2:part2|from_50mhz_to_1hz:d0|clock_divisor:d11 ; clock_divisor         ; work         ;
;          |clock_divisor:d12|       ; 2 (2)       ; 2            ; 0          ; 0    ; 0            ; 0 (0)        ; 0 (0)             ; 2 (2)            ; 0 (0)           ; 0 (0)      ; |pbl1|pbl2:part2|from_50mhz_to_1hz:d0|clock_divisor:d12 ; clock_divisor         ; work         ;
;          |clock_divisor:d13|       ; 2 (2)       ; 2            ; 0          ; 0    ; 0            ; 0 (0)        ; 0 (0)             ; 2 (2)            ; 0 (0)           ; 0 (0)      ; |pbl1|pbl2:part2|from_50mhz_to_1hz:d0|clock_divisor:d13 ; clock_divisor         ; work         ;
;          |clock_divisor:d14|       ; 2 (2)       ; 2            ; 0          ; 0    ; 0            ; 0 (0)        ; 0 (0)             ; 2 (2)            ; 0 (0)           ; 0 (0)      ; |pbl1|pbl2:part2|from_50mhz_to_1hz:d0|clock_divisor:d14 ; clock_divisor         ; work         ;
;          |clock_divisor:d15|       ; 2 (2)       ; 2            ; 0          ; 0    ; 0            ; 0 (0)        ; 0 (0)             ; 2 (2)            ; 0 (0)           ; 0 (0)      ; |pbl1|pbl2:part2|from_50mhz_to_1hz:d0|clock_divisor:d15 ; clock_divisor         ; work         ;
;          |clock_divisor:d16|       ; 2 (2)       ; 2            ; 0          ; 0    ; 0            ; 0 (0)        ; 0 (0)             ; 2 (2)            ; 0 (0)           ; 0 (0)      ; |pbl1|pbl2:part2|from_50mhz_to_1hz:d0|clock_divisor:d16 ; clock_divisor         ; work         ;
;          |clock_divisor:d17|       ; 2 (2)       ; 2            ; 0          ; 0    ; 0            ; 0 (0)        ; 0 (0)             ; 2 (2)            ; 0 (0)           ; 0 (0)      ; |pbl1|pbl2:part2|from_50mhz_to_1hz:d0|clock_divisor:d17 ; clock_divisor         ; work         ;
;          |clock_divisor:d18|       ; 2 (2)       ; 2            ; 0          ; 0    ; 0            ; 0 (0)        ; 0 (0)             ; 2 (2)            ; 0 (0)           ; 0 (0)      ; |pbl1|pbl2:part2|from_50mhz_to_1hz:d0|clock_divisor:d18 ; clock_divisor         ; work         ;
;          |clock_divisor:d19|       ; 2 (2)       ; 2            ; 0          ; 0    ; 0            ; 0 (0)        ; 0 (0)             ; 2 (2)            ; 0 (0)           ; 0 (0)      ; |pbl1|pbl2:part2|from_50mhz_to_1hz:d0|clock_divisor:d19 ; clock_divisor         ; work         ;
;          |clock_divisor:d1|        ; 2 (2)       ; 2            ; 0          ; 0    ; 0            ; 0 (0)        ; 0 (0)             ; 2 (2)            ; 0 (0)           ; 0 (0)      ; |pbl1|pbl2:part2|from_50mhz_to_1hz:d0|clock_divisor:d1  ; clock_divisor         ; work         ;
;          |clock_divisor:d20|       ; 2 (2)       ; 2            ; 0          ; 0    ; 0            ; 0 (0)        ; 0 (0)             ; 2 (2)            ; 0 (0)           ; 0 (0)      ; |pbl1|pbl2:part2|from_50mhz_to_1hz:d0|clock_divisor:d20 ; clock_divisor         ; work         ;
;          |clock_divisor:d21|       ; 2 (2)       ; 2            ; 0          ; 0    ; 0            ; 0 (0)        ; 0 (0)             ; 2 (2)            ; 0 (0)           ; 0 (0)      ; |pbl1|pbl2:part2|from_50mhz_to_1hz:d0|clock_divisor:d21 ; clock_divisor         ; work         ;
;          |clock_divisor:d22|       ; 2 (2)       ; 2            ; 0          ; 0    ; 0            ; 0 (0)        ; 0 (0)             ; 2 (2)            ; 0 (0)           ; 0 (0)      ; |pbl1|pbl2:part2|from_50mhz_to_1hz:d0|clock_divisor:d22 ; clock_divisor         ; work         ;
;          |clock_divisor:d23|       ; 2 (2)       ; 2            ; 0          ; 0    ; 0            ; 0 (0)        ; 0 (0)             ; 2 (2)            ; 0 (0)           ; 0 (0)      ; |pbl1|pbl2:part2|from_50mhz_to_1hz:d0|clock_divisor:d23 ; clock_divisor         ; work         ;
;          |clock_divisor:d24|       ; 2 (2)       ; 2            ; 0          ; 0    ; 0            ; 0 (0)        ; 0 (0)             ; 2 (2)            ; 0 (0)           ; 0 (0)      ; |pbl1|pbl2:part2|from_50mhz_to_1hz:d0|clock_divisor:d24 ; clock_divisor         ; work         ;
;          |clock_divisor:d25|       ; 2 (2)       ; 2            ; 0          ; 0    ; 0            ; 0 (0)        ; 0 (0)             ; 2 (2)            ; 0 (0)           ; 0 (0)      ; |pbl1|pbl2:part2|from_50mhz_to_1hz:d0|clock_divisor:d25 ; clock_divisor         ; work         ;
;          |clock_divisor:d2|        ; 2 (2)       ; 2            ; 0          ; 0    ; 0            ; 0 (0)        ; 0 (0)             ; 2 (2)            ; 0 (0)           ; 0 (0)      ; |pbl1|pbl2:part2|from_50mhz_to_1hz:d0|clock_divisor:d2  ; clock_divisor         ; work         ;
;          |clock_divisor:d3|        ; 2 (2)       ; 2            ; 0          ; 0    ; 0            ; 0 (0)        ; 0 (0)             ; 2 (2)            ; 0 (0)           ; 0 (0)      ; |pbl1|pbl2:part2|from_50mhz_to_1hz:d0|clock_divisor:d3  ; clock_divisor         ; work         ;
;          |clock_divisor:d4|        ; 2 (2)       ; 2            ; 0          ; 0    ; 0            ; 0 (0)        ; 0 (0)             ; 2 (2)            ; 0 (0)           ; 0 (0)      ; |pbl1|pbl2:part2|from_50mhz_to_1hz:d0|clock_divisor:d4  ; clock_divisor         ; work         ;
;          |clock_divisor:d5|        ; 2 (2)       ; 2            ; 0          ; 0    ; 0            ; 0 (0)        ; 0 (0)             ; 2 (2)            ; 0 (0)           ; 0 (0)      ; |pbl1|pbl2:part2|from_50mhz_to_1hz:d0|clock_divisor:d5  ; clock_divisor         ; work         ;
;          |clock_divisor:d6|        ; 2 (2)       ; 2            ; 0          ; 0    ; 0            ; 0 (0)        ; 0 (0)             ; 2 (2)            ; 0 (0)           ; 0 (0)      ; |pbl1|pbl2:part2|from_50mhz_to_1hz:d0|clock_divisor:d6  ; clock_divisor         ; work         ;
;          |clock_divisor:d7|        ; 2 (2)       ; 2            ; 0          ; 0    ; 0            ; 0 (0)        ; 0 (0)             ; 2 (2)            ; 0 (0)           ; 0 (0)      ; |pbl1|pbl2:part2|from_50mhz_to_1hz:d0|clock_divisor:d7  ; clock_divisor         ; work         ;
;          |clock_divisor:d8|        ; 2 (2)       ; 2            ; 0          ; 0    ; 0            ; 0 (0)        ; 0 (0)             ; 2 (2)            ; 0 (0)           ; 0 (0)      ; |pbl1|pbl2:part2|from_50mhz_to_1hz:d0|clock_divisor:d8  ; clock_divisor         ; work         ;
;          |clock_divisor:d9|        ; 2 (2)       ; 2            ; 0          ; 0    ; 0            ; 0 (0)        ; 0 (0)             ; 2 (2)            ; 0 (0)           ; 0 (0)      ; |pbl1|pbl2:part2|from_50mhz_to_1hz:d0|clock_divisor:d9  ; clock_divisor         ; work         ;
;       |led_column_alternator:alt0| ; 5 (5)       ; 5            ; 0          ; 0    ; 0            ; 0 (0)        ; 3 (3)             ; 2 (2)            ; 0 (0)           ; 0 (0)      ; |pbl1|pbl2:part2|led_column_alternator:alt0             ; led_column_alternator ; work         ;
;       |seven_seg_digit_alt:alt1|   ; 2 (2)       ; 2            ; 0          ; 0    ; 0            ; 0 (0)        ; 0 (0)             ; 2 (2)            ; 0 (0)           ; 0 (0)      ; |pbl1|pbl2:part2|seven_seg_digit_alt:alt1               ; seven_seg_digit_alt   ; work         ;
+------------------------------------+-------------+--------------+------------+------+--------------+--------------+-------------------+------------------+-----------------+------------+---------------------------------------------------------+-----------------------+--------------+
Note: For table entries with two numbers listed, the numbers in parentheses indicate the number of resources of the given type used by the specific entity alone. The numbers listed outside of parentheses indicate the total resources of the given type used by the specific entity and all of its sub-entities in the hierarchy.


+-----------------------------------------------------------------------------------------------+
; Registers Removed During Synthesis                                                            ;
+------------------------------------------------------+----------------------------------------+
; Register name                                        ; Reason for Removal                     ;
+------------------------------------------------------+----------------------------------------+
; pbl2:part2|from_50mhz_to_1hz:d0|clock_divisor:d25|w1 ; Stuck at VCC due to stuck port data_in ;
; pbl2:part2|from_50mhz_to_1hz:d0|clock_divisor:d25|w0 ; Stuck at VCC due to stuck port data_in ;
; pbl2:part2|from_50mhz_to_1hz:d0|clock_divisor:d24|w1 ; Stuck at VCC due to stuck port data_in ;
; pbl2:part2|from_50mhz_to_1hz:d0|clock_divisor:d24|w0 ; Stuck at VCC due to stuck port data_in ;
; pbl2:part2|from_50mhz_to_1hz:d0|clock_divisor:d23|w1 ; Stuck at VCC due to stuck port data_in ;
; pbl2:part2|from_50mhz_to_1hz:d0|clock_divisor:d23|w0 ; Stuck at VCC due to stuck port data_in ;
; pbl2:part2|from_50mhz_to_1hz:d0|clock_divisor:d22|w1 ; Stuck at VCC due to stuck port data_in ;
; pbl2:part2|from_50mhz_to_1hz:d0|clock_divisor:d22|w0 ; Stuck at VCC due to stuck port data_in ;
; pbl2:part2|from_50mhz_to_1hz:d0|clock_divisor:d21|w1 ; Stuck at VCC due to stuck port data_in ;
; pbl2:part2|from_50mhz_to_1hz:d0|clock_divisor:d21|w0 ; Stuck at VCC due to stuck port data_in ;
; pbl2:part2|from_50mhz_to_1hz:d0|clock_divisor:d20|w1 ; Stuck at VCC due to stuck port data_in ;
; pbl2:part2|from_50mhz_to_1hz:d0|clock_divisor:d20|w0 ; Stuck at VCC due to stuck port data_in ;
; pbl2:part2|from_50mhz_to_1hz:d0|clock_divisor:d19|w1 ; Stuck at VCC due to stuck port data_in ;
; pbl2:part2|from_50mhz_to_1hz:d0|clock_divisor:d19|w0 ; Stuck at VCC due to stuck port data_in ;
; pbl2:part2|from_50mhz_to_1hz:d0|clock_divisor:d18|w1 ; Stuck at VCC due to stuck port data_in ;
; pbl2:part2|from_50mhz_to_1hz:d0|clock_divisor:d18|w0 ; Stuck at VCC due to stuck port data_in ;
; pbl2:part2|from_50mhz_to_1hz:d0|clock_divisor:d17|w1 ; Stuck at VCC due to stuck port data_in ;
; pbl2:part2|from_50mhz_to_1hz:d0|clock_divisor:d17|w0 ; Stuck at VCC due to stuck port data_in ;
; pbl2:part2|from_50mhz_to_1hz:d0|clock_divisor:d16|w1 ; Stuck at VCC due to stuck port data_in ;
; pbl2:part2|from_50mhz_to_1hz:d0|clock_divisor:d16|w0 ; Stuck at VCC due to stuck port data_in ;
; pbl2:part2|from_50mhz_to_1hz:d0|clock_divisor:d15|w1 ; Stuck at VCC due to stuck port data_in ;
; pbl2:part2|from_50mhz_to_1hz:d0|clock_divisor:d15|w0 ; Stuck at VCC due to stuck port data_in ;
; pbl2:part2|from_50mhz_to_1hz:d0|clock_divisor:d14|w1 ; Stuck at VCC due to stuck port data_in ;
; pbl2:part2|from_50mhz_to_1hz:d0|clock_divisor:d14|w0 ; Stuck at VCC due to stuck port data_in ;
; pbl2:part2|from_50mhz_to_1hz:d0|clock_divisor:d13|w1 ; Stuck at VCC due to stuck port data_in ;
; pbl2:part2|from_50mhz_to_1hz:d0|clock_divisor:d13|w0 ; Stuck at VCC due to stuck port data_in ;
; pbl2:part2|from_50mhz_to_1hz:d0|clock_divisor:d12|w1 ; Stuck at VCC due to stuck port data_in ;
; pbl2:part2|from_50mhz_to_1hz:d0|clock_divisor:d12|w0 ; Stuck at VCC due to stuck port data_in ;
; pbl2:part2|from_50mhz_to_1hz:d0|clock_divisor:d11|w1 ; Stuck at VCC due to stuck port data_in ;
; pbl2:part2|from_50mhz_to_1hz:d0|clock_divisor:d11|w0 ; Stuck at VCC due to stuck port data_in ;
; pbl2:part2|from_50mhz_to_1hz:d0|clock_divisor:d10|w1 ; Stuck at VCC due to stuck port data_in ;
; pbl2:part2|from_50mhz_to_1hz:d0|clock_divisor:d10|w0 ; Stuck at VCC due to stuck port data_in ;
; pbl2:part2|from_50mhz_to_1hz:d0|clock_divisor:d9|w1  ; Stuck at VCC due to stuck port data_in ;
; pbl2:part2|from_50mhz_to_1hz:d0|clock_divisor:d9|w0  ; Stuck at VCC due to stuck port data_in ;
; pbl2:part2|from_50mhz_to_1hz:d0|clock_divisor:d8|w1  ; Stuck at VCC due to stuck port data_in ;
; pbl2:part2|from_50mhz_to_1hz:d0|clock_divisor:d8|w0  ; Stuck at VCC due to stuck port data_in ;
; pbl2:part2|from_50mhz_to_1hz:d0|clock_divisor:d7|w1  ; Stuck at VCC due to stuck port data_in ;
; pbl2:part2|from_50mhz_to_1hz:d0|clock_divisor:d7|w0  ; Stuck at VCC due to stuck port data_in ;
; pbl2:part2|from_50mhz_to_1hz:d0|clock_divisor:d6|w1  ; Stuck at VCC due to stuck port data_in ;
; pbl2:part2|from_50mhz_to_1hz:d0|clock_divisor:d6|w0  ; Stuck at VCC due to stuck port data_in ;
; pbl2:part2|from_50mhz_to_1hz:d0|clock_divisor:d5|w1  ; Stuck at VCC due to stuck port data_in ;
; pbl2:part2|from_50mhz_to_1hz:d0|clock_divisor:d5|w0  ; Stuck at VCC due to stuck port data_in ;
; pbl2:part2|from_50mhz_to_1hz:d0|clock_divisor:d4|w1  ; Stuck at VCC due to stuck port data_in ;
; pbl2:part2|from_50mhz_to_1hz:d0|clock_divisor:d4|w0  ; Stuck at VCC due to stuck port data_in ;
; pbl2:part2|from_50mhz_to_1hz:d0|clock_divisor:d3|w1  ; Stuck at VCC due to stuck port data_in ;
; pbl2:part2|from_50mhz_to_1hz:d0|clock_divisor:d3|w0  ; Stuck at VCC due to stuck port data_in ;
; pbl2:part2|from_50mhz_to_1hz:d0|clock_divisor:d2|w1  ; Stuck at VCC due to stuck port data_in ;
; pbl2:part2|from_50mhz_to_1hz:d0|clock_divisor:d2|w0  ; Stuck at VCC due to stuck port data_in ;
; pbl2:part2|from_50mhz_to_1hz:d0|clock_divisor:d1|w1  ; Stuck at VCC due to stuck port data_in ;
; pbl2:part2|from_50mhz_to_1hz:d0|clock_divisor:d1|w0  ; Stuck at VCC due to stuck port data_in ;
; pbl2:part2|from_50mhz_to_1hz:d0|clock_divisor:d0|w1  ; Stuck at VCC due to stuck port data_in ;
; pbl2:part2|from_50mhz_to_1hz:d0|clock_divisor:d0|w0  ; Stuck at VCC due to stuck port data_in ;
; Total Number of Removed Registers = 52               ;                                        ;
+------------------------------------------------------+----------------------------------------+


+------------------------------------------------------+
; General Register Statistics                          ;
+----------------------------------------------+-------+
; Statistic                                    ; Value ;
+----------------------------------------------+-------+
; Total registers                              ; 64    ;
; Number of registers using Synchronous Clear  ; 0     ;
; Number of registers using Synchronous Load   ; 0     ;
; Number of registers using Asynchronous Clear ; 0     ;
; Number of registers using Asynchronous Load  ; 0     ;
; Number of registers using Clock Enable       ; 0     ;
; Number of registers using Preset             ; 0     ;
+----------------------------------------------+-------+


+-----------------------------------------------------------+
; Inverted Register Statistics                              ;
+-------------------------------------------------+---------+
; Inverted Register                               ; Fan out ;
+-------------------------------------------------+---------+
; pbl2:part2|led_column_alternator:alt0|column[0] ; 5       ;
; pbl2:part2|seven_seg_digit_alt:alt1|digit[1]    ; 3       ;
; pbl2:part2|bcd_counter:comb_44|carregar         ; 4       ;
; Total number of inverted registers = 3          ;         ;
+-------------------------------------------------+---------+


+----------------------------------------------------------------------------------------------------------------------------------------------------------------+
; Multiplexer Restructuring Statistics (Restructuring Performed)                                                                                                 ;
+--------------------+-----------+---------------+----------------------+------------------------+------------+--------------------------------------------------+
; Multiplexer Inputs ; Bus Width ; Baseline Area ; Area if Restructured ; Saving if Restructured ; Registered ; Example Multiplexer Output                       ;
+--------------------+-----------+---------------+----------------------+------------------------+------------+--------------------------------------------------+
; 3:1                ; 4 bits    ; 8 LEs         ; 8 LEs                ; 0 LEs                  ; Yes        ; |pbl1|pbl2:part2|bcd_counter:comb_44|contagem[2] ;
+--------------------+-----------+---------------+----------------------+------------------------+------------+--------------------------------------------------+


+------------------------------------------------------------+
; Port Connectivity Checks: "pbl2:part2|bcd_counter:comb_45" ;
+-----------+--------+----------+----------------------------+
; Port      ; Type   ; Severity ; Details                    ;
+-----------+--------+----------+----------------------------+
; rst       ; Input  ; Info     ; Explicitly unconnected     ;
; dado[3]   ; Input  ; Info     ; Stuck at GND               ;
; dado[2]   ; Input  ; Info     ; Stuck at VCC               ;
; dado[1]   ; Input  ; Info     ; Stuck at GND               ;
; dado[0]   ; Input  ; Info     ; Stuck at VCC               ;
; bcd_out   ; Output ; Info     ; Explicitly unconnected     ;
; carry_out ; Output ; Info     ; Explicitly unconnected     ;
+-----------+--------+----------+----------------------------+


+------------------------------------------------------------+
; Port Connectivity Checks: "pbl2:part2|bcd_counter:comb_44" ;
+---------+-------+----------+-------------------------------+
; Port    ; Type  ; Severity ; Details                       ;
+---------+-------+----------+-------------------------------+
; rst     ; Input ; Info     ; Explicitly unconnected        ;
; dado[3] ; Input ; Info     ; Stuck at GND                  ;
; dado[2] ; Input ; Info     ; Stuck at VCC                  ;
; dado[1] ; Input ; Info     ; Stuck at GND                  ;
; dado[0] ; Input ; Info     ; Stuck at VCC                  ;
+---------+-------+----------+-------------------------------+


+------------------------------------------------------------------------------------------------------------------------------------------------------------------------+
; Port Connectivity Checks: "pbl2:part2|from_50mhz_to_1hz:d0|clock_divisor:d25"                                                                                          ;
+------+-------+----------+----------------------------------------------------------------------------------------------------------------------------------------------+
; Port ; Type  ; Severity ; Details                                                                                                                                      ;
+------+-------+----------+----------------------------------------------------------------------------------------------------------------------------------------------+
; J    ; Input ; Warning  ; Declared by entity but not connected by instance. If a default value exists, it will be used.  Otherwise, the port will be connected to GND. ;
; K    ; Input ; Warning  ; Declared by entity but not connected by instance. If a default value exists, it will be used.  Otherwise, the port will be connected to GND. ;
+------+-------+----------+----------------------------------------------------------------------------------------------------------------------------------------------+


+------------------------------------------------------------------------------------------------------------------------------------------------------------------------+
; Port Connectivity Checks: "pbl2:part2|from_50mhz_to_1hz:d0|clock_divisor:d24"                                                                                          ;
+------+-------+----------+----------------------------------------------------------------------------------------------------------------------------------------------+
; Port ; Type  ; Severity ; Details                                                                                                                                      ;
+------+-------+----------+----------------------------------------------------------------------------------------------------------------------------------------------+
; J    ; Input ; Warning  ; Declared by entity but not connected by instance. If a default value exists, it will be used.  Otherwise, the port will be connected to GND. ;
; K    ; Input ; Warning  ; Declared by entity but not connected by instance. If a default value exists, it will be used.  Otherwise, the port will be connected to GND. ;
+------+-------+----------+----------------------------------------------------------------------------------------------------------------------------------------------+


+------------------------------------------------------------------------------------------------------------------------------------------------------------------------+
; Port Connectivity Checks: "pbl2:part2|from_50mhz_to_1hz:d0|clock_divisor:d23"                                                                                          ;
+------+-------+----------+----------------------------------------------------------------------------------------------------------------------------------------------+
; Port ; Type  ; Severity ; Details                                                                                                                                      ;
+------+-------+----------+----------------------------------------------------------------------------------------------------------------------------------------------+
; J    ; Input ; Warning  ; Declared by entity but not connected by instance. If a default value exists, it will be used.  Otherwise, the port will be connected to GND. ;
; K    ; Input ; Warning  ; Declared by entity but not connected by instance. If a default value exists, it will be used.  Otherwise, the port will be connected to GND. ;
+------+-------+----------+----------------------------------------------------------------------------------------------------------------------------------------------+


+------------------------------------------------------------------------------------------------------------------------------------------------------------------------+
; Port Connectivity Checks: "pbl2:part2|from_50mhz_to_1hz:d0|clock_divisor:d22"                                                                                          ;
+------+-------+----------+----------------------------------------------------------------------------------------------------------------------------------------------+
; Port ; Type  ; Severity ; Details                                                                                                                                      ;
+------+-------+----------+----------------------------------------------------------------------------------------------------------------------------------------------+
; J    ; Input ; Warning  ; Declared by entity but not connected by instance. If a default value exists, it will be used.  Otherwise, the port will be connected to GND. ;
; K    ; Input ; Warning  ; Declared by entity but not connected by instance. If a default value exists, it will be used.  Otherwise, the port will be connected to GND. ;
+------+-------+----------+----------------------------------------------------------------------------------------------------------------------------------------------+


+------------------------------------------------------------------------------------------------------------------------------------------------------------------------+
; Port Connectivity Checks: "pbl2:part2|from_50mhz_to_1hz:d0|clock_divisor:d21"                                                                                          ;
+------+-------+----------+----------------------------------------------------------------------------------------------------------------------------------------------+
; Port ; Type  ; Severity ; Details                                                                                                                                      ;
+------+-------+----------+----------------------------------------------------------------------------------------------------------------------------------------------+
; J    ; Input ; Warning  ; Declared by entity but not connected by instance. If a default value exists, it will be used.  Otherwise, the port will be connected to GND. ;
; K    ; Input ; Warning  ; Declared by entity but not connected by instance. If a default value exists, it will be used.  Otherwise, the port will be connected to GND. ;
+------+-------+----------+----------------------------------------------------------------------------------------------------------------------------------------------+


+------------------------------------------------------------------------------------------------------------------------------------------------------------------------+
; Port Connectivity Checks: "pbl2:part2|from_50mhz_to_1hz:d0|clock_divisor:d20"                                                                                          ;
+------+-------+----------+----------------------------------------------------------------------------------------------------------------------------------------------+
; Port ; Type  ; Severity ; Details                                                                                                                                      ;
+------+-------+----------+----------------------------------------------------------------------------------------------------------------------------------------------+
; J    ; Input ; Warning  ; Declared by entity but not connected by instance. If a default value exists, it will be used.  Otherwise, the port will be connected to GND. ;
; K    ; Input ; Warning  ; Declared by entity but not connected by instance. If a default value exists, it will be used.  Otherwise, the port will be connected to GND. ;
+------+-------+----------+----------------------------------------------------------------------------------------------------------------------------------------------+


+------------------------------------------------------------------------------------------------------------------------------------------------------------------------+
; Port Connectivity Checks: "pbl2:part2|from_50mhz_to_1hz:d0|clock_divisor:d19"                                                                                          ;
+------+-------+----------+----------------------------------------------------------------------------------------------------------------------------------------------+
; Port ; Type  ; Severity ; Details                                                                                                                                      ;
+------+-------+----------+----------------------------------------------------------------------------------------------------------------------------------------------+
; J    ; Input ; Warning  ; Declared by entity but not connected by instance. If a default value exists, it will be used.  Otherwise, the port will be connected to GND. ;
; K    ; Input ; Warning  ; Declared by entity but not connected by instance. If a default value exists, it will be used.  Otherwise, the port will be connected to GND. ;
+------+-------+----------+----------------------------------------------------------------------------------------------------------------------------------------------+


+------------------------------------------------------------------------------------------------------------------------------------------------------------------------+
; Port Connectivity Checks: "pbl2:part2|from_50mhz_to_1hz:d0|clock_divisor:d18"                                                                                          ;
+------+-------+----------+----------------------------------------------------------------------------------------------------------------------------------------------+
; Port ; Type  ; Severity ; Details                                                                                                                                      ;
+------+-------+----------+----------------------------------------------------------------------------------------------------------------------------------------------+
; J    ; Input ; Warning  ; Declared by entity but not connected by instance. If a default value exists, it will be used.  Otherwise, the port will be connected to GND. ;
; K    ; Input ; Warning  ; Declared by entity but not connected by instance. If a default value exists, it will be used.  Otherwise, the port will be connected to GND. ;
+------+-------+----------+----------------------------------------------------------------------------------------------------------------------------------------------+


+------------------------------------------------------------------------------------------------------------------------------------------------------------------------+
; Port Connectivity Checks: "pbl2:part2|from_50mhz_to_1hz:d0|clock_divisor:d17"                                                                                          ;
+------+-------+----------+----------------------------------------------------------------------------------------------------------------------------------------------+
; Port ; Type  ; Severity ; Details                                                                                                                                      ;
+------+-------+----------+----------------------------------------------------------------------------------------------------------------------------------------------+
; J    ; Input ; Warning  ; Declared by entity but not connected by instance. If a default value exists, it will be used.  Otherwise, the port will be connected to GND. ;
; K    ; Input ; Warning  ; Declared by entity but not connected by instance. If a default value exists, it will be used.  Otherwise, the port will be connected to GND. ;
+------+-------+----------+----------------------------------------------------------------------------------------------------------------------------------------------+


+------------------------------------------------------------------------------------------------------------------------------------------------------------------------+
; Port Connectivity Checks: "pbl2:part2|from_50mhz_to_1hz:d0|clock_divisor:d16"                                                                                          ;
+------+-------+----------+----------------------------------------------------------------------------------------------------------------------------------------------+
; Port ; Type  ; Severity ; Details                                                                                                                                      ;
+------+-------+----------+----------------------------------------------------------------------------------------------------------------------------------------------+
; J    ; Input ; Warning  ; Declared by entity but not connected by instance. If a default value exists, it will be used.  Otherwise, the port will be connected to GND. ;
; K    ; Input ; Warning  ; Declared by entity but not connected by instance. If a default value exists, it will be used.  Otherwise, the port will be connected to GND. ;
+------+-------+----------+----------------------------------------------------------------------------------------------------------------------------------------------+


+------------------------------------------------------------------------------------------------------------------------------------------------------------------------+
; Port Connectivity Checks: "pbl2:part2|from_50mhz_to_1hz:d0|clock_divisor:d15"                                                                                          ;
+------+-------+----------+----------------------------------------------------------------------------------------------------------------------------------------------+
; Port ; Type  ; Severity ; Details                                                                                                                                      ;
+------+-------+----------+----------------------------------------------------------------------------------------------------------------------------------------------+
; J    ; Input ; Warning  ; Declared by entity but not connected by instance. If a default value exists, it will be used.  Otherwise, the port will be connected to GND. ;
; K    ; Input ; Warning  ; Declared by entity but not connected by instance. If a default value exists, it will be used.  Otherwise, the port will be connected to GND. ;
+------+-------+----------+----------------------------------------------------------------------------------------------------------------------------------------------+


+------------------------------------------------------------------------------------------------------------------------------------------------------------------------+
; Port Connectivity Checks: "pbl2:part2|from_50mhz_to_1hz:d0|clock_divisor:d14"                                                                                          ;
+------+-------+----------+----------------------------------------------------------------------------------------------------------------------------------------------+
; Port ; Type  ; Severity ; Details                                                                                                                                      ;
+------+-------+----------+----------------------------------------------------------------------------------------------------------------------------------------------+
; J    ; Input ; Warning  ; Declared by entity but not connected by instance. If a default value exists, it will be used.  Otherwise, the port will be connected to GND. ;
; K    ; Input ; Warning  ; Declared by entity but not connected by instance. If a default value exists, it will be used.  Otherwise, the port will be connected to GND. ;
+------+-------+----------+----------------------------------------------------------------------------------------------------------------------------------------------+


+------------------------------------------------------------------------------------------------------------------------------------------------------------------------+
; Port Connectivity Checks: "pbl2:part2|from_50mhz_to_1hz:d0|clock_divisor:d13"                                                                                          ;
+------+-------+----------+----------------------------------------------------------------------------------------------------------------------------------------------+
; Port ; Type  ; Severity ; Details                                                                                                                                      ;
+------+-------+----------+----------------------------------------------------------------------------------------------------------------------------------------------+
; J    ; Input ; Warning  ; Declared by entity but not connected by instance. If a default value exists, it will be used.  Otherwise, the port will be connected to GND. ;
; K    ; Input ; Warning  ; Declared by entity but not connected by instance. If a default value exists, it will be used.  Otherwise, the port will be connected to GND. ;
+------+-------+----------+----------------------------------------------------------------------------------------------------------------------------------------------+


+------------------------------------------------------------------------------------------------------------------------------------------------------------------------+
; Port Connectivity Checks: "pbl2:part2|from_50mhz_to_1hz:d0|clock_divisor:d12"                                                                                          ;
+------+-------+----------+----------------------------------------------------------------------------------------------------------------------------------------------+
; Port ; Type  ; Severity ; Details                                                                                                                                      ;
+------+-------+----------+----------------------------------------------------------------------------------------------------------------------------------------------+
; J    ; Input ; Warning  ; Declared by entity but not connected by instance. If a default value exists, it will be used.  Otherwise, the port will be connected to GND. ;
; K    ; Input ; Warning  ; Declared by entity but not connected by instance. If a default value exists, it will be used.  Otherwise, the port will be connected to GND. ;
+------+-------+----------+----------------------------------------------------------------------------------------------------------------------------------------------+


+------------------------------------------------------------------------------------------------------------------------------------------------------------------------+
; Port Connectivity Checks: "pbl2:part2|from_50mhz_to_1hz:d0|clock_divisor:d11"                                                                                          ;
+------+-------+----------+----------------------------------------------------------------------------------------------------------------------------------------------+
; Port ; Type  ; Severity ; Details                                                                                                                                      ;
+------+-------+----------+----------------------------------------------------------------------------------------------------------------------------------------------+
; J    ; Input ; Warning  ; Declared by entity but not connected by instance. If a default value exists, it will be used.  Otherwise, the port will be connected to GND. ;
; K    ; Input ; Warning  ; Declared by entity but not connected by instance. If a default value exists, it will be used.  Otherwise, the port will be connected to GND. ;
+------+-------+----------+----------------------------------------------------------------------------------------------------------------------------------------------+


+------------------------------------------------------------------------------------------------------------------------------------------------------------------------+
; Port Connectivity Checks: "pbl2:part2|from_50mhz_to_1hz:d0|clock_divisor:d10"                                                                                          ;
+------+-------+----------+----------------------------------------------------------------------------------------------------------------------------------------------+
; Port ; Type  ; Severity ; Details                                                                                                                                      ;
+------+-------+----------+----------------------------------------------------------------------------------------------------------------------------------------------+
; J    ; Input ; Warning  ; Declared by entity but not connected by instance. If a default value exists, it will be used.  Otherwise, the port will be connected to GND. ;
; K    ; Input ; Warning  ; Declared by entity but not connected by instance. If a default value exists, it will be used.  Otherwise, the port will be connected to GND. ;
+------+-------+----------+----------------------------------------------------------------------------------------------------------------------------------------------+


+------------------------------------------------------------------------------------------------------------------------------------------------------------------------+
; Port Connectivity Checks: "pbl2:part2|from_50mhz_to_1hz:d0|clock_divisor:d9"                                                                                           ;
+------+-------+----------+----------------------------------------------------------------------------------------------------------------------------------------------+
; Port ; Type  ; Severity ; Details                                                                                                                                      ;
+------+-------+----------+----------------------------------------------------------------------------------------------------------------------------------------------+
; J    ; Input ; Warning  ; Declared by entity but not connected by instance. If a default value exists, it will be used.  Otherwise, the port will be connected to GND. ;
; K    ; Input ; Warning  ; Declared by entity but not connected by instance. If a default value exists, it will be used.  Otherwise, the port will be connected to GND. ;
+------+-------+----------+----------------------------------------------------------------------------------------------------------------------------------------------+


+------------------------------------------------------------------------------------------------------------------------------------------------------------------------+
; Port Connectivity Checks: "pbl2:part2|from_50mhz_to_1hz:d0|clock_divisor:d8"                                                                                           ;
+------+-------+----------+----------------------------------------------------------------------------------------------------------------------------------------------+
; Port ; Type  ; Severity ; Details                                                                                                                                      ;
+------+-------+----------+----------------------------------------------------------------------------------------------------------------------------------------------+
; J    ; Input ; Warning  ; Declared by entity but not connected by instance. If a default value exists, it will be used.  Otherwise, the port will be connected to GND. ;
; K    ; Input ; Warning  ; Declared by entity but not connected by instance. If a default value exists, it will be used.  Otherwise, the port will be connected to GND. ;
+------+-------+----------+----------------------------------------------------------------------------------------------------------------------------------------------+


+------------------------------------------------------------------------------------------------------------------------------------------------------------------------+
; Port Connectivity Checks: "pbl2:part2|from_50mhz_to_1hz:d0|clock_divisor:d7"                                                                                           ;
+------+-------+----------+----------------------------------------------------------------------------------------------------------------------------------------------+
; Port ; Type  ; Severity ; Details                                                                                                                                      ;
+------+-------+----------+----------------------------------------------------------------------------------------------------------------------------------------------+
; J    ; Input ; Warning  ; Declared by entity but not connected by instance. If a default value exists, it will be used.  Otherwise, the port will be connected to GND. ;
; K    ; Input ; Warning  ; Declared by entity but not connected by instance. If a default value exists, it will be used.  Otherwise, the port will be connected to GND. ;
+------+-------+----------+----------------------------------------------------------------------------------------------------------------------------------------------+


+------------------------------------------------------------------------------------------------------------------------------------------------------------------------+
; Port Connectivity Checks: "pbl2:part2|from_50mhz_to_1hz:d0|clock_divisor:d6"                                                                                           ;
+------+-------+----------+----------------------------------------------------------------------------------------------------------------------------------------------+
; Port ; Type  ; Severity ; Details                                                                                                                                      ;
+------+-------+----------+----------------------------------------------------------------------------------------------------------------------------------------------+
; J    ; Input ; Warning  ; Declared by entity but not connected by instance. If a default value exists, it will be used.  Otherwise, the port will be connected to GND. ;
; K    ; Input ; Warning  ; Declared by entity but not connected by instance. If a default value exists, it will be used.  Otherwise, the port will be connected to GND. ;
+------+-------+----------+----------------------------------------------------------------------------------------------------------------------------------------------+


+------------------------------------------------------------------------------------------------------------------------------------------------------------------------+
; Port Connectivity Checks: "pbl2:part2|from_50mhz_to_1hz:d0|clock_divisor:d5"                                                                                           ;
+------+-------+----------+----------------------------------------------------------------------------------------------------------------------------------------------+
; Port ; Type  ; Severity ; Details                                                                                                                                      ;
+------+-------+----------+----------------------------------------------------------------------------------------------------------------------------------------------+
; J    ; Input ; Warning  ; Declared by entity but not connected by instance. If a default value exists, it will be used.  Otherwise, the port will be connected to GND. ;
; K    ; Input ; Warning  ; Declared by entity but not connected by instance. If a default value exists, it will be used.  Otherwise, the port will be connected to GND. ;
+------+-------+----------+----------------------------------------------------------------------------------------------------------------------------------------------+


+------------------------------------------------------------------------------------------------------------------------------------------------------------------------+
; Port Connectivity Checks: "pbl2:part2|from_50mhz_to_1hz:d0|clock_divisor:d4"                                                                                           ;
+------+-------+----------+----------------------------------------------------------------------------------------------------------------------------------------------+
; Port ; Type  ; Severity ; Details                                                                                                                                      ;
+------+-------+----------+----------------------------------------------------------------------------------------------------------------------------------------------+
; J    ; Input ; Warning  ; Declared by entity but not connected by instance. If a default value exists, it will be used.  Otherwise, the port will be connected to GND. ;
; K    ; Input ; Warning  ; Declared by entity but not connected by instance. If a default value exists, it will be used.  Otherwise, the port will be connected to GND. ;
+------+-------+----------+----------------------------------------------------------------------------------------------------------------------------------------------+


+------------------------------------------------------------------------------------------------------------------------------------------------------------------------+
; Port Connectivity Checks: "pbl2:part2|from_50mhz_to_1hz:d0|clock_divisor:d3"                                                                                           ;
+------+-------+----------+----------------------------------------------------------------------------------------------------------------------------------------------+
; Port ; Type  ; Severity ; Details                                                                                                                                      ;
+------+-------+----------+----------------------------------------------------------------------------------------------------------------------------------------------+
; J    ; Input ; Warning  ; Declared by entity but not connected by instance. If a default value exists, it will be used.  Otherwise, the port will be connected to GND. ;
; K    ; Input ; Warning  ; Declared by entity but not connected by instance. If a default value exists, it will be used.  Otherwise, the port will be connected to GND. ;
+------+-------+----------+----------------------------------------------------------------------------------------------------------------------------------------------+


+------------------------------------------------------------------------------------------------------------------------------------------------------------------------+
; Port Connectivity Checks: "pbl2:part2|from_50mhz_to_1hz:d0|clock_divisor:d2"                                                                                           ;
+------+-------+----------+----------------------------------------------------------------------------------------------------------------------------------------------+
; Port ; Type  ; Severity ; Details                                                                                                                                      ;
+------+-------+----------+----------------------------------------------------------------------------------------------------------------------------------------------+
; J    ; Input ; Warning  ; Declared by entity but not connected by instance. If a default value exists, it will be used.  Otherwise, the port will be connected to GND. ;
; K    ; Input ; Warning  ; Declared by entity but not connected by instance. If a default value exists, it will be used.  Otherwise, the port will be connected to GND. ;
+------+-------+----------+----------------------------------------------------------------------------------------------------------------------------------------------+


+------------------------------------------------------------------------------------------------------------------------------------------------------------------------+
; Port Connectivity Checks: "pbl2:part2|from_50mhz_to_1hz:d0|clock_divisor:d1"                                                                                           ;
+------+-------+----------+----------------------------------------------------------------------------------------------------------------------------------------------+
; Port ; Type  ; Severity ; Details                                                                                                                                      ;
+------+-------+----------+----------------------------------------------------------------------------------------------------------------------------------------------+
; J    ; Input ; Warning  ; Declared by entity but not connected by instance. If a default value exists, it will be used.  Otherwise, the port will be connected to GND. ;
; K    ; Input ; Warning  ; Declared by entity but not connected by instance. If a default value exists, it will be used.  Otherwise, the port will be connected to GND. ;
+------+-------+----------+----------------------------------------------------------------------------------------------------------------------------------------------+


+------------------------------------------------------------------------------------------------------------------------------------------------------------------------+
; Port Connectivity Checks: "pbl2:part2|from_50mhz_to_1hz:d0|clock_divisor:d0"                                                                                           ;
+------+-------+----------+----------------------------------------------------------------------------------------------------------------------------------------------+
; Port ; Type  ; Severity ; Details                                                                                                                                      ;
+------+-------+----------+----------------------------------------------------------------------------------------------------------------------------------------------+
; J    ; Input ; Warning  ; Declared by entity but not connected by instance. If a default value exists, it will be used.  Otherwise, the port will be connected to GND. ;
; K    ; Input ; Warning  ; Declared by entity but not connected by instance. If a default value exists, it will be used.  Otherwise, the port will be connected to GND. ;
+------+-------+----------+----------------------------------------------------------------------------------------------------------------------------------------------+


+----------------------------------------------------------------------------------------------------------------------+
; Port Connectivity Checks: "pbl2:part2|from_50mhz_to_1hz:d0"                                                          ;
+------------+--------+----------+-------------------------------------------------------------------------------------+
; Port       ; Type   ; Severity ; Details                                                                             ;
+------------+--------+----------+-------------------------------------------------------------------------------------+
; clock_7seg ; Output ; Info     ; Connected to dangling logic. Logic that only feeds a dangling port will be removed. ;
+------------+--------+----------+-------------------------------------------------------------------------------------+


+--------------------------------------------------------------------------------------------------------------------------------------------------+
; Port Connectivity Checks: "pbl2:part2"                                                                                                           ;
+-------------------+--------+----------+----------------------------------------------------------------------------------------------------------+
; Port              ; Type   ; Severity ; Details                                                                                                  ;
+-------------------+--------+----------+----------------------------------------------------------------------------------------------------------+
; one_second_clock  ; Output ; Warning  ; Declared by entity but not connected by instance. Logic that only feeds a dangling port will be removed. ;
; clock_mostradores ; Output ; Warning  ; Declared by entity but not connected by instance. Logic that only feeds a dangling port will be removed. ;
; bcd               ; Output ; Warning  ; Declared by entity but not connected by instance. Logic that only feeds a dangling port will be removed. ;
; bcd_10s           ; Output ; Warning  ; Declared by entity but not connected by instance. Logic that only feeds a dangling port will be removed. ;
+-------------------+--------+----------+----------------------------------------------------------------------------------------------------------+


+-------------------------------+
; Analysis & Synthesis Messages ;
+-------------------------------+
Info: *******************************************************************
Info: Running Quartus Prime Analysis & Synthesis
    Info: Version 20.1.1 Build 720 11/11/2020 SJ Lite Edition
    Info: Processing started: Wed Jul 17 16:56:16 2024
Info: Command: quartus_map --read_settings_files=on --write_settings_files=off pbl2 -c pbl2
Warning (18236): Number of processors has not been specified which may cause overloading on shared machines.  Set the global assignment NUM_PARALLEL_PROCESSORS in your QSF to an appropriate value for best performance.
Info (20030): Parallel compilation is enabled and will use 6 of the 6 processors detected
Info (12021): Found 1 design units, including 1 entities, in source file counter_9to0.v
    Info (12023): Found entity 1: counter_9to0 File: /home/aluno/Documentos/CD-PBL3-dev-testes/counter_9to0.v Line: 1
Info (12021): Found 1 design units, including 1 entities, in source file decoder_7seg.v
    Info (12023): Found entity 1: decoder_7seg File: /home/aluno/Documentos/CD-PBL3-dev-testes/decoder_7seg.v Line: 1
Warning (12019): Can't analyze file -- file bcd_counter_1s.v is missing
Info (12021): Found 1 design units, including 1 entities, in source file pbl2.v
    Info (12023): Found entity 1: pbl2 File: /home/aluno/Documentos/CD-PBL3-dev-testes/pbl2.v Line: 1
Info (12021): Found 1 design units, including 1 entities, in source file clock_divisor.v
    Info (12023): Found entity 1: clock_divisor File: /home/aluno/Documentos/CD-PBL3-dev-testes/clock_divisor.v Line: 1
Info (12021): Found 1 design units, including 1 entities, in source file from_50mhz_to_1hz.v
    Info (12023): Found entity 1: from_50mhz_to_1hz File: /home/aluno/Documentos/CD-PBL3-dev-testes/from_50mhz_to_1hz.v Line: 1
Warning (12019): Can't analyze file -- file bcd_comparator.v is missing
Info (12021): Found 1 design units, including 1 entities, in source file led_column_alternator.v
    Info (12023): Found entity 1: led_column_alternator File: /home/aluno/Documentos/CD-PBL3-dev-testes/led_column_alternator.v Line: 1
Info (12021): Found 1 design units, including 1 entities, in source file pbl1.v
    Info (12023): Found entity 1: pbl1 File: /home/aluno/Documentos/CD-PBL3-dev-testes/pbl1.v Line: 1
Info (12021): Found 1 design units, including 1 entities, in source file flipflop_D.v
    Info (12023): Found entity 1: flipflop_D File: /home/aluno/Documentos/CD-PBL3-dev-testes/flipflop_D.v Line: 1
Info (12021): Found 1 design units, including 1 entities, in source file seven_seg_digit_alt.v
    Info (12023): Found entity 1: seven_seg_digit_alt File: /home/aluno/Documentos/CD-PBL3-dev-testes/seven_seg_digit_alt.v Line: 1
Info (12021): Found 1 design units, including 1 entities, in source file counter_5to0.v
    Info (12023): Found entity 1: counter_5to0 File: /home/aluno/Documentos/CD-PBL3-dev-testes/counter_5to0.v Line: 1
Info (12021): Found 1 design units, including 1 entities, in source file counter_3to0.v
    Info (12023): Found entity 1: counter_3to0 File: /home/aluno/Documentos/CD-PBL3-dev-testes/counter_3to0.v Line: 1
Info (12021): Found 1 design units, including 1 entities, in source file counter_1to0.v
    Info (12023): Found entity 1: counter_1to0 File: /home/aluno/Documentos/CD-PBL3-dev-testes/counter_1to0.v Line: 1
Info (12021): Found 1 design units, including 1 entities, in source file mux_4x1.v
    Info (12023): Found entity 1: mux_4x1 File: /home/aluno/Documentos/CD-PBL3-dev-testes/mux_4x1.v Line: 1
Info (12021): Found 1 design units, including 1 entities, in source file mux_4x1bit.v
    Info (12023): Found entity 1: mux_4x1bit File: /home/aluno/Documentos/CD-PBL3-dev-testes/mux_4x1bit.v Line: 1
Info (12021): Found 1 design units, including 1 entities, in source file output_files/bcd_counter.v
    Info (12023): Found entity 1: bcd_counter File: /home/aluno/Documentos/CD-PBL3-dev-testes/output_files/bcd_counter.v Line: 1
Warning (10236): Verilog HDL Implicit Net warning at decoder_7seg.v(6): created implicit net for "a" File: /home/aluno/Documentos/CD-PBL3-dev-testes/decoder_7seg.v Line: 6
Warning (10236): Verilog HDL Implicit Net warning at decoder_7seg.v(7): created implicit net for "b" File: /home/aluno/Documentos/CD-PBL3-dev-testes/decoder_7seg.v Line: 7
Warning (10236): Verilog HDL Implicit Net warning at decoder_7seg.v(8): created implicit net for "c" File: /home/aluno/Documentos/CD-PBL3-dev-testes/decoder_7seg.v Line: 8
Warning (10236): Verilog HDL Implicit Net warning at decoder_7seg.v(9): created implicit net for "d" File: /home/aluno/Documentos/CD-PBL3-dev-testes/decoder_7seg.v Line: 9
Warning (10236): Verilog HDL Implicit Net warning at pbl2.v(14): created implicit net for "clock_7seg" File: /home/aluno/Documentos/CD-PBL3-dev-testes/pbl2.v Line: 14
Warning (10236): Verilog HDL Implicit Net warning at pbl2.v(48): created implicit net for "bcd_in" File: /home/aluno/Documentos/CD-PBL3-dev-testes/pbl2.v Line: 48
Warning (10236): Verilog HDL Implicit Net warning at pbl2.v(49): created implicit net for "bcd10_in" File: /home/aluno/Documentos/CD-PBL3-dev-testes/pbl2.v Line: 49
Critical Warning (10846): Verilog HDL Instantiation warning at pbl2.v(50): instance has no name File: /home/aluno/Documentos/CD-PBL3-dev-testes/pbl2.v Line: 50
Critical Warning (10846): Verilog HDL Instantiation warning at pbl2.v(51): instance has no name File: /home/aluno/Documentos/CD-PBL3-dev-testes/pbl2.v Line: 51
Critical Warning (10846): Verilog HDL Instantiation warning at pbl2.v(57): instance has no name File: /home/aluno/Documentos/CD-PBL3-dev-testes/pbl2.v Line: 57
Critical Warning (10846): Verilog HDL Instantiation warning at pbl2.v(58): instance has no name File: /home/aluno/Documentos/CD-PBL3-dev-testes/pbl2.v Line: 58
Info (12127): Elaborating entity "pbl1" for the top level hierarchy
Info (12128): Elaborating entity "pbl2" for hierarchy "pbl2:part2" File: /home/aluno/Documentos/CD-PBL3-dev-testes/pbl1.v Line: 48
Warning (10036): Verilog HDL or VHDL warning at pbl2.v(48): object "bcd_in" assigned a value but never read File: /home/aluno/Documentos/CD-PBL3-dev-testes/pbl2.v Line: 48
Warning (10036): Verilog HDL or VHDL warning at pbl2.v(49): object "bcd10_in" assigned a value but never read File: /home/aluno/Documentos/CD-PBL3-dev-testes/pbl2.v Line: 49
Warning (10230): Verilog HDL assignment warning at pbl2.v(48): truncated value with size 4 to match size of target (1) File: /home/aluno/Documentos/CD-PBL3-dev-testes/pbl2.v Line: 48
Warning (10230): Verilog HDL assignment warning at pbl2.v(49): truncated value with size 4 to match size of target (1) File: /home/aluno/Documentos/CD-PBL3-dev-testes/pbl2.v Line: 49
Info (12128): Elaborating entity "from_50mhz_to_1hz" for hierarchy "pbl2:part2|from_50mhz_to_1hz:d0" File: /home/aluno/Documentos/CD-PBL3-dev-testes/pbl2.v Line: 14
Info (12128): Elaborating entity "clock_divisor" for hierarchy "pbl2:part2|from_50mhz_to_1hz:d0|clock_divisor:d0" File: /home/aluno/Documentos/CD-PBL3-dev-testes/from_50mhz_to_1hz.v Line: 12
Info (12128): Elaborating entity "bcd_counter" for hierarchy "pbl2:part2|bcd_counter:comb_44" File: /home/aluno/Documentos/CD-PBL3-dev-testes/pbl2.v Line: 50
Warning (10230): Verilog HDL assignment warning at bcd_counter.v(29): truncated value with size 32 to match size of target (4) File: /home/aluno/Documentos/CD-PBL3-dev-testes/output_files/bcd_counter.v Line: 29
Info (12128): Elaborating entity "seven_seg_digit_alt" for hierarchy "pbl2:part2|seven_seg_digit_alt:alt1" File: /home/aluno/Documentos/CD-PBL3-dev-testes/pbl2.v Line: 54
Info (12128): Elaborating entity "decoder_7seg" for hierarchy "pbl2:part2|decoder_7seg:comb_46" File: /home/aluno/Documentos/CD-PBL3-dev-testes/pbl2.v Line: 57
Info (12128): Elaborating entity "led_column_alternator" for hierarchy "pbl2:part2|led_column_alternator:alt0" File: /home/aluno/Documentos/CD-PBL3-dev-testes/pbl2.v Line: 66
Warning (12241): 27 hierarchies have connectivity warnings - see the Connectivity Checks report folder
Warning (13024): Output pins are stuck at VCC or GND
    Warning (13410): Pin "lines[3]" is stuck at VCC File: /home/aluno/Documentos/CD-PBL3-dev-testes/pbl1.v Line: 8
    Warning (13410): Pin "seven_seg_digit_of[0]" is stuck at VCC File: /home/aluno/Documentos/CD-PBL3-dev-testes/pbl1.v Line: 6
    Warning (13410): Pin "seven_seg_digit_of[1]" is stuck at VCC File: /home/aluno/Documentos/CD-PBL3-dev-testes/pbl1.v Line: 6
Info (21057): Implemented 129 device resources after synthesis - the final resource count might be different
    Info (21058): Implemented 8 input pins
    Info (21059): Implemented 29 output pins
    Info (21061): Implemented 92 logic cells
Info: Quartus Prime Analysis & Synthesis was successful. 0 errors, 24 warnings
    Info: Peak virtual memory: 341 megabytes
    Info: Processing ended: Wed Jul 17 16:56:22 2024
    Info: Elapsed time: 00:00:06
    Info: Total CPU time (on all processors): 00:00:12


